Sat Oct 28 09:07:32 2006 :: Init data space.
Sat Oct 28 09:07:32 2006 :: Setting time and weather.
Sat Oct 28 09:07:32 2006 :: Assigning GSN's.
Sat Oct 28 09:07:32 2006 :: Reading Area List.
Sat Oct 28 09:07:32 2006 :: reading help.are
Sat Oct 28 09:07:32 2006 :: reading social.are
Sat Oct 28 09:07:32 2006 :: reading rot.are
Sat Oct 28 09:07:32 2006 :: reading group.are
Sat Oct 28 09:07:32 2006 :: reading olc.hlp
Sat Oct 28 09:07:32 2006 :: reading limbo.are
Sat Oct 28 09:07:32 2006 :: reading smurf.are
Sat Oct 28 09:07:32 2006 :: reading plains.are
Sat Oct 28 09:07:32 2006 :: reading ofcol2.are
Sat Oct 28 09:07:32 2006 :: reading olympus.are
Sat Oct 28 09:07:32 2006 :: reading air.are
Sat Oct 28 09:07:32 2006 :: reading shire.are
Sat Oct 28 09:07:32 2006 :: reading morgue.are
Sat Oct 28 09:07:32 2006 :: reading immort.are
Sat Oct 28 09:07:32 2006 :: reading midgaard.are
Sat Oct 28 09:07:32 2006 :: reading hitower.are
Sat Oct 28 09:07:32 2006 :: reading gnome.are
Sat Oct 28 09:07:32 2006 :: reading wyvern.are
Sat Oct 28 09:07:32 2006 :: reading catacomb.are
Sat Oct 28 09:07:32 2006 :: reading hood.are
Sat Oct 28 09:07:32 2006 :: reading draconia.are
Sat Oct 28 09:07:32 2006 :: reading mahntor.are
Sat Oct 28 09:07:32 2006 :: reading trollden.are
Sat Oct 28 09:07:32 2006 :: reading chapel.are
Sat Oct 28 09:07:32 2006 :: reading midennir.are
Sat Oct 28 09:07:32 2006 :: reading grave.are
Sat Oct 28 09:07:32 2006 :: reading school.are
Sat Oct 28 09:07:32 2006 :: reading camelot.are
Sat Oct 28 09:07:32 2006 :: reading moria.are
Sat Oct 28 09:07:32 2006 :: reading eastern.are
Sat Oct 28 09:07:32 2006 :: reading drow.are
Sat Oct 28 09:07:32 2006 :: reading thalos.are
Sat Oct 28 09:07:32 2006 :: reading mirror.are
Sat Oct 28 09:07:32 2006 :: reading ofcol.are
Sat Oct 28 09:07:32 2006 :: reading arachnos.are
Sat Oct 28 09:07:32 2006 :: reading haon.are
Sat Oct 28 09:07:32 2006 :: reading dwarven.are
Sat Oct 28 09:07:32 2006 :: reading daycare.are
Sat Oct 28 09:07:32 2006 :: reading quifael.are
Sat Oct 28 09:07:32 2006 :: reading sewer.are
Sat Oct 28 09:07:32 2006 :: reading astral.are
Sat Oct 28 09:07:32 2006 :: reading valley.are
Sat Oct 28 09:07:32 2006 :: reading redferne.are
Sat Oct 28 09:07:32 2006 :: reading mega1.are
Sat Oct 28 09:07:32 2006 :: reading marsh.are
Sat Oct 28 09:07:32 2006 :: reading dream.are
Sat Oct 28 09:07:32 2006 :: reading pyramid.are
Sat Oct 28 09:07:32 2006 :: reading grove.are
Sat Oct 28 09:07:32 2006 :: reading nirvana.are
Sat Oct 28 09:07:32 2006 :: reading dylan.are
Sat Oct 28 09:07:32 2006 :: reading canyon.are
Sat Oct 28 09:07:32 2006 :: reading galaxy.are
Sat Oct 28 09:07:32 2006 :: reading mobfact.are
Sat Oct 28 09:07:32 2006 :: reading newthalos.are
Sat Oct 28 09:07:32 2006 :: reading tohell.are
Sat Oct 28 09:07:32 2006 :: reading divsouls.are
Sat Oct 28 09:07:32 2006 :: reading dark.are
Sat Oct 28 09:07:32 2006 :: reading drakyri.are
Sat Oct 28 09:07:32 2006 :: reading stonebow.are
Sat Oct 28 09:07:32 2006 :: reading sacrifice.are
Sat Oct 28 09:07:32 2006 :: reading pirate.are
Sat Oct 28 09:07:32 2006 :: reading fanatics.are
Sat Oct 28 09:07:32 2006 :: Fixing exits.
Sat Oct 28 09:07:32 2006 :: Area Update.
Sat Oct 28 09:07:32 2006 :: Loading Moveable Exits.
Sat Oct 28 09:07:32 2006 :: Loading Notes.
Sat Oct 28 09:07:32 2006 :: Loading Bans.
Sat Oct 28 09:07:32 2006 :: Loading Wizlist.
Sat Oct 28 09:07:32 2006 :: Loading Clanlists.
Sat Oct 28 09:07:32 2006 :: Loading Songs.
Sat Oct 28 09:07:32 2006 :: RoD is ready to rock on ports 4000 and 4001.
